#
# There is insufficient memory for the Java Runtime Environment to continue.
# Native memory allocation (malloc) failed to allocate 165856 bytes for Chunk::new
# Possible reasons:
#   The system is out of physical RAM or swap space
#   The process is running with CompressedOops enabled, and the Java Heap may be blocking the growth of the native heap
# Possible solutions:
#   Reduce memory load on the system
#   Increase physical memory or swap space
#   Check if swap backing store is full
#   Decrease Java heap size (-Xmx/-Xms)
#   Decrease number of Java threads
#   Decrease Java thread stack sizes (-Xss)
#   Set larger code cache with -XX:ReservedCodeCacheSize=
#   JVM is running with Unscaled Compressed Oops mode in which the Java heap is
#     placed in the first 4GB address space. The Java Heap base address is the
#     maximum limit for the native heap growth. Please use -XX:HeapBaseMinAddress
#     to set the Java Heap base and to place the Java Heap above 4GB virtual address.
# This output file may be truncated or incomplete.
#
#  Out of Memory Error (allocation.cpp:389), pid=1500, tid=0x000000000000165c
#
# JRE version: OpenJDK Runtime Environment (8.0_242-b01) (build 1.8.0_242-release-1644-b01)
# Java VM: OpenJDK 64-Bit Server VM (25.242-b01 mixed mode windows-amd64 compressed oops)
# Failed to write core dump. Minidumps are not enabled by default on client versions of Windows
#

---------------  T H R E A D  ---------------

Current thread (0x0000000017b42800):  JavaThread "C2 CompilerThread0" daemon [_thread_in_native, id=5724, stack(0x0000000019190000,0x0000000019290000)]

Stack: [0x0000000019190000,0x0000000019290000]
[error occurred during error reporting (printing stack bounds), id 0xc0000005]

Native frames: (J=compiled Java code, j=interpreted, Vv=VM code, C=native code)


Current CompileTask:
C2:  12446 9900       4       org.jetbrains.kotlin.codegen.optimization.common.StrictBasicValue::equals (116 bytes)


---------------  P R O C E S S  ---------------

Java Threads: ( => current thread )
  0x00000000194ce000 JavaThread "Service Thread" daemon [_thread_blocked, id=3720, stack(0x0000000019890000,0x0000000019990000)]
  0x0000000017b58800 JavaThread "C1 CompilerThread2" daemon [_thread_in_vm, id=2628, stack(0x0000000019390000,0x0000000019490000)]
  0x0000000017b4b000 JavaThread "C2 CompilerThread1" daemon [_thread_in_native, id=4716, stack(0x0000000019290000,0x0000000019390000)]
=>0x0000000017b42800 JavaThread "C2 CompilerThread0" daemon [_thread_in_native, id=5724, stack(0x0000000019190000,0x0000000019290000)]
  0x0000000017b46800 JavaThread "Attach Listener" daemon [_thread_blocked, id=2988, stack(0x0000000019090000,0x0000000019190000)]
  0x0000000017b45000 JavaThread "Signal Dispatcher" daemon [_thread_blocked, id=5732, stack(0x0000000018f90000,0x0000000019090000)]
  0x0000000002f9b800 JavaThread "Finalizer" daemon [_thread_blocked, id=3664, stack(0x0000000018d90000,0x0000000018e90000)]
  0x0000000002f92000 JavaThread "Reference Handler" daemon [_thread_blocked, id=2248, stack(0x0000000018c90000,0x0000000018d90000)]
  0x0000000002e9e000 JavaThread "main" [_thread_in_Java, id=4404, stack(0x0000000002cd0000,0x0000000002dd0000)]

Other Threads:
  0x0000000017b05800 VMThread [stack: 0x0000000018b90000,0x0000000018c90000] [id=2816]
  0x00000000194ce800 WatcherThread [stack: 0x0000000019990000,0x0000000019a90000] [id=5372]

VM state:not at safepoint (normal execution)

VM Mutex/Monitor currently owned by a thread:  ([mutex/lock_event])
[0x0000000002e9c8f0] CodeCache_lock - owner thread: 0x0000000017b58800
[0x0000000002ea1250] Compile_lock - owner thread: 0x0000000017b58800

heap address: 0x0000000080e00000, size: 2034 MB, Compressed Oops mode: 32-bit
Narrow klass base: 0x0000000000000000, Narrow klass shift: 3
Compressed class space size: 1073741824 Address: 0x0000000100000000

Heap:
 PSYoungGen      total 126976K, used 1963K [0x00000000d5a00000, 0x00000000e0500000, 0x0000000100000000)
  eden space 98304K, 1% used [0x00000000d5a00000,0x00000000d5beae08,0x00000000dba00000)
  from space 28672K, 0% used [0x00000000ddc80000,0x00000000ddc80000,0x00000000df880000)
  to   space 35328K, 0% used [0x00000000dba00000,0x00000000dba00000,0x00000000ddc80000)
 ParOldGen       total 123392K, used 60423K [0x0000000080e00000, 0x0000000088680000, 0x00000000d5a00000)
  object space 123392K, 48% used [0x0000000080e00000,0x0000000084901f08,0x0000000088680000)
 Metaspace       used 57771K, capacity 58837K, committed 59284K, reserved 1101824K
  class space    used 6535K, capacity 6802K, committed 6912K, reserved 1048576K

Card table byte_map: [0x0000000012360000,0x0000000012760000] byte_map_base: 0x0000000011f59000

Marking Bits: (ParMarkBitMap*) 0x000000005c4cf030
 Begin Bits: [0x0000000012e10000, 0x0000000014dd8000)
 End Bits:   [0x0000000014dd8000, 0x0000000016da0000)

Polling page: 0x0000000000f60000

CodeCache: size=245760Kb used=37396Kb max_used=38922Kb free=208363Kb
 bounds [0x0000000002fa0000, 0x00000000055d0000, 0x0000000011fa0000]
 total_blobs=9140 nmethods=8591 adapters=459
 compilation: enabled

Compilation events (10 events):
Event: 12.435 Thread 0x0000000017b58800 9898       3       org.jetbrains.kotlin.codegen.optimization.fixStack.FixStackAnalyzer$InternalAnalyzer$FixStackFrame::pop (54 bytes)
Event: 12.436 Thread 0x0000000017b58800 nmethod 9898 0x0000000003246a50 code [0x0000000003246c20, 0x0000000003247458]
Event: 12.436 Thread 0x0000000017b42800 nmethod 9891 0x0000000003533450 code [0x0000000003533600, 0x0000000003533d38]
Event: 12.436 Thread 0x0000000017b42800 9894       4       org.jetbrains.kotlin.codegen.inline.InlineCodegenUtilsKt::isInlineMarker (99 bytes)
Event: 12.437 Thread 0x0000000017b58800 9899       3       org.jetbrains.kotlin.codegen.optimization.fixStack.FixStackAnalyzer$InternalAnalyzer$FixStackFrame::pop (8 bytes)
Event: 12.437 Thread 0x0000000017b58800 nmethod 9899 0x0000000004013fd0 code [0x0000000004014140, 0x0000000004014348]
Event: 12.439 Thread 0x0000000017b42800 nmethod 9894 0x0000000003240210 code [0x0000000003240380, 0x0000000003240638]
Event: 12.439 Thread 0x0000000017b58800 9901       3       org.jetbrains.kotlin.codegen.optimization.fixStack.FixStackAnalyzer$InternalAnalyzer$FixStackFrame::execute (120 bytes)
Event: 12.440 Thread 0x0000000017b42800 9900       4       org.jetbrains.kotlin.codegen.optimization.common.StrictBasicValue::equals (116 bytes)
Event: 12.442 Thread 0x0000000017b58800 nmethod 9901 0x00000000049a9450 code [0x00000000049a9a80, 0x00000000049ad1f8]

GC Heap History (10 events):
Event: 4.605 GC heap before
{Heap before GC invocations=9 (full 2):
 PSYoungGen      total 85504K, used 65536K [0x00000000d5a00000, 0x00000000dda00000, 0x0000000100000000)
  eden space 65536K, 100% used [0x00000000d5a00000,0x00000000d9a00000,0x00000000d9a00000)
  from space 19968K, 0% used [0x00000000dad00000,0x00000000dad00000,0x00000000dc080000)
  to   space 19456K, 0% used [0x00000000d9a00000,0x00000000d9a00000,0x00000000dad00000)
 ParOldGen       total 123392K, used 23536K [0x0000000080e00000, 0x0000000088680000, 0x00000000d5a00000)
  object space 123392K, 19% used [0x0000000080e00000,0x00000000824fc1f8,0x0000000088680000)
 Metaspace       used 39986K, capacity 40613K, committed 41088K, reserved 1085440K
  class space    used 4965K, capacity 5150K, committed 5248K, reserved 1048576K
Event: 4.619 GC heap after
Heap after GC invocations=9 (full 2):
 PSYoungGen      total 84992K, used 12742K [0x00000000d5a00000, 0x00000000dd780000, 0x0000000100000000)
  eden space 65536K, 0% used [0x00000000d5a00000,0x00000000d5a00000,0x00000000d9a00000)
  from space 19456K, 65% used [0x00000000d9a00000,0x00000000da671ba0,0x00000000dad00000)
  to   space 18944K, 0% used [0x00000000dc500000,0x00000000dc500000,0x00000000dd780000)
 ParOldGen       total 123392K, used 23544K [0x0000000080e00000, 0x0000000088680000, 0x00000000d5a00000)
  object space 123392K, 19% used [0x0000000080e00000,0x00000000824fe1f8,0x0000000088680000)
 Metaspace       used 39986K, capacity 40613K, committed 41088K, reserved 1085440K
  class space    used 4965K, capacity 5150K, committed 5248K, reserved 1048576K
}
Event: 6.399 GC heap before
{Heap before GC invocations=10 (full 2):
 PSYoungGen      total 84992K, used 78278K [0x00000000d5a00000, 0x00000000dd780000, 0x0000000100000000)
  eden space 65536K, 100% used [0x00000000d5a00000,0x00000000d9a00000,0x00000000d9a00000)
  from space 19456K, 65% used [0x00000000d9a00000,0x00000000da671ba0,0x00000000dad00000)
  to   space 18944K, 0% used [0x00000000dc500000,0x00000000dc500000,0x00000000dd780000)
 ParOldGen       total 123392K, used 23544K [0x0000000080e00000, 0x0000000088680000, 0x00000000d5a00000)
  object space 123392K, 19% used [0x0000000080e00000,0x00000000824fe1f8,0x0000000088680000)
 Metaspace       used 43828K, capacity 44583K, committed 44928K, reserved 1089536K
  class space    used 5270K, capacity 5471K, committed 5504K, reserved 1048576K
Event: 6.422 GC heap after
Heap after GC invocations=10 (full 2):
 PSYoungGen      total 106496K, used 18924K [0x00000000d5a00000, 0x00000000ddb80000, 0x0000000100000000)
  eden space 87552K, 0% used [0x00000000d5a00000,0x00000000d5a00000,0x00000000daf80000)
  from space 18944K, 99% used [0x00000000dc500000,0x00000000dd77b288,0x00000000dd780000)
  to   space 22016K, 0% used [0x00000000daf80000,0x00000000daf80000,0x00000000dc500000)
 ParOldGen       total 123392K, used 24461K [0x0000000080e00000, 0x0000000088680000, 0x00000000d5a00000)
  object space 123392K, 19% used [0x0000000080e00000,0x00000000825e3498,0x0000000088680000)
 Metaspace       used 43828K, capacity 44583K, committed 44928K, reserved 1089536K
  class space    used 5270K, capacity 5471K, committed 5504K, reserved 1048576K
}
Event: 9.523 GC heap before
{Heap before GC invocations=11 (full 2):
 PSYoungGen      total 106496K, used 106476K [0x00000000d5a00000, 0x00000000ddb80000, 0x0000000100000000)
  eden space 87552K, 100% used [0x00000000d5a00000,0x00000000daf80000,0x00000000daf80000)
  from space 18944K, 99% used [0x00000000dc500000,0x00000000dd77b288,0x00000000dd780000)
  to   space 22016K, 0% used [0x00000000daf80000,0x00000000daf80000,0x00000000dc500000)
 ParOldGen       total 123392K, used 24461K [0x0000000080e00000, 0x0000000088680000, 0x00000000d5a00000)
  object space 123392K, 19% used [0x0000000080e00000,0x00000000825e3498,0x0000000088680000)
 Metaspace       used 49115K, capacity 49965K, committed 50304K, reserved 1093632K
  class space    used 5734K, capacity 5962K, committed 6016K, reserved 1048576K
Event: 9.558 GC heap after
Heap after GC invocations=11 (full 2):
 PSYoungGen      total 109568K, used 21998K [0x00000000d5a00000, 0x00000000df880000, 0x0000000100000000)
  eden space 87552K, 0% used [0x00000000d5a00000,0x00000000d5a00000,0x00000000daf80000)
  from space 22016K, 99% used [0x00000000daf80000,0x00000000dc4fb848,0x00000000dc500000)
  to   space 28672K, 0% used [0x00000000ddc80000,0x00000000ddc80000,0x00000000df880000)
 ParOldGen       total 123392K, used 33440K [0x0000000080e00000, 0x0000000088680000, 0x00000000d5a00000)
  object space 123392K, 27% used [0x0000000080e00000,0x0000000082ea8388,0x0000000088680000)
 Metaspace       used 49115K, capacity 49965K, committed 50304K, reserved 1093632K
  class space    used 5734K, capacity 5962K, committed 6016K, reserved 1048576K
}
Event: 12.068 GC heap before
{Heap before GC invocations=12 (full 2):
 PSYoungGen      total 109568K, used 100317K [0x00000000d5a00000, 0x00000000df880000, 0x0000000100000000)
  eden space 87552K, 89% used [0x00000000d5a00000,0x00000000da67bd28,0x00000000daf80000)
  from space 22016K, 99% used [0x00000000daf80000,0x00000000dc4fb848,0x00000000dc500000)
  to   space 28672K, 0% used [0x00000000ddc80000,0x00000000ddc80000,0x00000000df880000)
 ParOldGen       total 123392K, used 33440K [0x0000000080e00000, 0x0000000088680000, 0x00000000d5a00000)
  object space 123392K, 27% used [0x0000000080e00000,0x0000000082ea8388,0x0000000088680000)
 Metaspace       used 57673K, capacity 58709K, committed 59028K, reserved 1101824K
  class space    used 6524K, capacity 6802K, committed 6912K, reserved 1048576K
Event: 12.110 GC heap after
Heap after GC invocations=12 (full 2):
 PSYoungGen      total 126976K, used 28645K [0x00000000d5a00000, 0x00000000e0500000, 0x0000000100000000)
  eden space 98304K, 0% used [0x00000000d5a00000,0x00000000d5a00000,0x00000000dba00000)
  from space 28672K, 99% used [0x00000000ddc80000,0x00000000df8794f0,0x00000000df880000)
  to   space 35328K, 0% used [0x00000000dba00000,0x00000000dba00000,0x00000000ddc80000)
 ParOldGen       total 123392K, used 40939K [0x0000000080e00000, 0x0000000088680000, 0x00000000d5a00000)
  object space 123392K, 33% used [0x0000000080e00000,0x00000000835fada0,0x0000000088680000)
 Metaspace       used 57673K, capacity 58709K, committed 59028K, reserved 1101824K
  class space    used 6524K, capacity 6802K, committed 6912K, reserved 1048576K
}
Event: 12.110 GC heap before
{Heap before GC invocations=13 (full 3):
 PSYoungGen      total 126976K, used 28645K [0x00000000d5a00000, 0x00000000e0500000, 0x0000000100000000)
  eden space 98304K, 0% used [0x00000000d5a00000,0x00000000d5a00000,0x00000000dba00000)
  from space 28672K, 99% used [0x00000000ddc80000,0x00000000df8794f0,0x00000000df880000)
  to   space 35328K, 0% used [0x00000000dba00000,0x00000000dba00000,0x00000000ddc80000)
 ParOldGen       total 123392K, used 40939K [0x0000000080e00000, 0x0000000088680000, 0x00000000d5a00000)
  object space 123392K, 33% used [0x0000000080e00000,0x00000000835fada0,0x0000000088680000)
 Metaspace       used 57673K, capacity 58709K, committed 59028K, reserved 1101824K
  class space    used 6524K, capacity 6802K, committed 6912K, reserved 1048576K
Event: 12.406 GC heap after
Heap after GC invocations=13 (full 3):
 PSYoungGen      total 126976K, used 0K [0x00000000d5a00000, 0x00000000e0500000, 0x0000000100000000)
  eden space 98304K, 0% used [0x00000000d5a00000,0x00000000d5a00000,0x00000000dba00000)
  from space 28672K, 0% used [0x00000000ddc80000,0x00000000ddc80000,0x00000000df880000)
  to   space 35328K, 0% used [0x00000000dba00000,0x00000000dba00000,0x00000000ddc80000)
 ParOldGen       total 123392K, used 60423K [0x0000000080e00000, 0x0000000088680000, 0x00000000d5a00000)
  object space 123392K, 48% used [0x0000000080e00000,0x0000000084901f08,0x0000000088680000)
 Metaspace       used 57673K, capacity 58709K, committed 59028K, reserved 1101824K
  class space    used 6524K, capacity 6802K, committed 6912K, reserved 1048576K
}

Deoptimization events (10 events):
Event: 11.980 Thread 0x0000000002e9e000 Uncommon trap: reason=bimorphic action=maybe_recompile pc=0x000000000551fd90 method=org.jetbrains.kotlin.load.kotlin.TypeSignatureMappingKt.mapType(Lorg/jetbrains/kotlin/types/KotlinType;Lorg/jetbrains/kotlin/load/kotlin/JvmTypeFactory;Lorg/jetbrains/kotl
Event: 11.982 Thread 0x0000000002e9e000 Uncommon trap: reason=bimorphic action=maybe_recompile pc=0x000000000551fd90 method=org.jetbrains.kotlin.load.kotlin.TypeSignatureMappingKt.mapType(Lorg/jetbrains/kotlin/types/KotlinType;Lorg/jetbrains/kotlin/load/kotlin/JvmTypeFactory;Lorg/jetbrains/kotl
Event: 11.982 Thread 0x0000000002e9e000 Uncommon trap: reason=bimorphic action=maybe_recompile pc=0x000000000551fd90 method=org.jetbrains.kotlin.load.kotlin.TypeSignatureMappingKt.mapType(Lorg/jetbrains/kotlin/types/KotlinType;Lorg/jetbrains/kotlin/load/kotlin/JvmTypeFactory;Lorg/jetbrains/kotl
Event: 11.997 Thread 0x0000000002e9e000 Uncommon trap: reason=class_check action=maybe_recompile pc=0x00000000055a1314 method=org.jetbrains.kotlin.types.checker.ClassicTypeSystemContext$DefaultImpls.getPrimitiveType(Lorg/jetbrains/kotlin/types/checker/ClassicTypeSystemContext;Lorg/jetbrains/kot
Event: 11.997 Thread 0x0000000002e9e000 Uncommon trap: reason=class_check action=maybe_recompile pc=0x00000000055a1314 method=org.jetbrains.kotlin.types.checker.ClassicTypeSystemContext$DefaultImpls.getPrimitiveType(Lorg/jetbrains/kotlin/types/checker/ClassicTypeSystemContext;Lorg/jetbrains/kot
Event: 11.998 Thread 0x0000000002e9e000 Uncommon trap: reason=class_check action=maybe_recompile pc=0x00000000055a1314 method=org.jetbrains.kotlin.types.checker.ClassicTypeSystemContext$DefaultImpls.getPrimitiveType(Lorg/jetbrains/kotlin/types/checker/ClassicTypeSystemContext;Lorg/jetbrains/kot
Event: 11.999 Thread 0x0000000002e9e000 Uncommon trap: reason=class_check action=maybe_recompile pc=0x00000000055a1314 method=org.jetbrains.kotlin.types.checker.ClassicTypeSystemContext$DefaultImpls.getPrimitiveType(Lorg/jetbrains/kotlin/types/checker/ClassicTypeSystemContext;Lorg/jetbrains/kot
Event: 11.999 Thread 0x0000000002e9e000 Uncommon trap: reason=speculate_class_check action=maybe_recompile pc=0x0000000003b102f0 method=java.util.ArrayList.<init>(Ljava/util/Collection;)V @ 36
Event: 12.030 Thread 0x0000000002e9e000 Uncommon trap: reason=speculate_class_check action=maybe_recompile pc=0x00000000032768b4 method=java.util.ArrayList.<init>(Ljava/util/Collection;)V @ 36
Event: 12.048 Thread 0x0000000002e9e000 Uncommon trap: reason=speculate_class_check action=maybe_recompile pc=0x00000000032768b4 method=java.util.ArrayList.<init>(Ljava/util/Collection;)V @ 36

Classes redefined (0 events):
No events

Internal exceptions (10 events):
Event: 10.384 Thread 0x0000000002e9e000 Implicit null exception at 0x0000000005084d70 to 0x0000000005084dd5
Event: 10.616 Thread 0x0000000002e9e000 Implicit null exception at 0x00000000031f9655 to 0x00000000031f982d
Event: 10.616 Thread 0x0000000002e9e000 Implicit null exception at 0x0000000003284faf to 0x0000000003285019
Event: 10.624 Thread 0x0000000002e9e000 Implicit null exception at 0x00000000035bb38c to 0x00000000035bb3e6
Event: 11.046 Thread 0x0000000002e9e000 Implicit null exception at 0x0000000003b49ad4 to 0x0000000003b49cac
Event: 11.282 Thread 0x0000000002e9e000 Exception <a 'java/lang/NoSuchMethodError': java.lang.Object.lambda$static$0(Lorg/jetbrains/kotlin/descriptors/ValueParameterDescriptor;Lorg/jetbrains/kotlin/codegen/ExpressionCodegen;)Lorg/jetbrains/kotlin/codegen/StackValue;> (0x00000000d8d4b0b0) thrown
Event: 11.339 Thread 0x0000000002e9e000 Exception <a 'java/lang/NoSuchMethodError': java.lang.Object.lambda$static$0(Ljava/lang/String;)Z> (0x00000000d8ff9620) thrown at [C:\src\AOSP-openjdk-git\hotspot\src\share\vm\interpreter\linkResolver.cpp, line 620]
Event: 11.339 Thread 0x0000000002e9e000 Exception <a 'java/lang/NoSuchMethodError': java.lang.Object.lambda$static$1(Ljava/lang/String;)Z> (0x00000000d8ffbed0) thrown at [C:\src\AOSP-openjdk-git\hotspot\src\share\vm\interpreter\linkResolver.cpp, line 620]
Event: 11.530 Thread 0x0000000002e9e000 Implicit null exception at 0x00000000039494bd to 0x0000000003949755
Event: 11.530 Thread 0x0000000002e9e000 Implicit null exception at 0x0000000003456115 to 0x0000000003456319

Events (10 events):
Event: 12.430 Thread 0x0000000017b58800 flushing nmethod 0x0000000003b4b890
Event: 12.430 Thread 0x0000000017b58800 flushing nmethod 0x0000000003c18e10
Event: 12.432 Thread 0x0000000017b58800 flushing nmethod 0x0000000003df9a50
Event: 12.436 Thread 0x0000000017b58800 flushing nmethod 0x000000000432c6d0
Event: 12.436 Thread 0x0000000017b58800 flushing nmethod 0x00000000043cfcd0
Event: 12.437 Thread 0x0000000017b58800 flushing nmethod 0x00000000045ddb90
Event: 12.439 Thread 0x0000000017b42800 flushing nmethod 0x0000000004944090
Event: 12.443 Thread 0x0000000017b58800 flushing nmethod 0x0000000004d62450
Event: 12.443 Thread 0x0000000017b58800 flushing nmethod 0x0000000004da3e10
Event: 12.443 Thread 0x0000000017b58800 flushing nmethod 0x0000000004e1ecd0


Dynamic libraries:
0x00007ff7f36b0000 - 0x00007ff7f36e1000 	C:\Program Files\Android\Android Studio\jre\jre\bin\java.exe
0x00007ffd212b0000 - 0x00007ffd214a6000 	C:\Windows\SYSTEM32\ntdll.dll
0x00007ffd20e90000 - 0x00007ffd20f4d000 	C:\Windows\System32\KERNEL32.DLL
0x00007ffd1ed90000 - 0x00007ffd1f059000 	C:\Windows\System32\KERNELBASE.dll
0x00007ffd1c410000 - 0x00007ffd1c4a0000 	C:\Windows\SYSTEM32\apphelp.dll
0x00007ffd20fb0000 - 0x00007ffd2105c000 	C:\Windows\System32\ADVAPI32.dll
0x00007ffd1ffc0000 - 0x00007ffd2005e000 	C:\Windows\System32\msvcrt.dll
0x00007ffd20a50000 - 0x00007ffd20aec000 	C:\Windows\System32\sechost.dll
0x00007ffd20060000 - 0x00007ffd2018b000 	C:\Windows\System32\RPCRT4.dll
0x00007ffd20af0000 - 0x00007ffd20c90000 	C:\Windows\System32\USER32.dll
0x00007ffd1f290000 - 0x00007ffd1f2b2000 	C:\Windows\System32\win32u.dll
0x00007ffd203d0000 - 0x00007ffd203fa000 	C:\Windows\System32\GDI32.dll
0x00007ffd1ebb0000 - 0x00007ffd1ecb9000 	C:\Windows\System32\gdi32full.dll
0x00007ffd1ecc0000 - 0x00007ffd1ed5d000 	C:\Windows\System32\msvcp_win.dll
0x00007ffd1ea00000 - 0x00007ffd1eb00000 	C:\Windows\System32\ucrtbase.dll
0x00007ffd124f0000 - 0x00007ffd1278b000 	C:\Windows\WinSxS\amd64_microsoft.windows.common-controls_6595b64144ccf1df_6.0.19041.488_none_ca04af081b815d21\COMCTL32.dll
0x00007ffd21130000 - 0x00007ffd21160000 	C:\Windows\System32\IMM32.DLL
0x000000005bc20000 - 0x000000005bcf2000 	C:\Program Files\Android\Android Studio\jre\jre\bin\msvcr100.dll
0x000000005bd00000 - 0x000000005c54b000 	C:\Program Files\Android\Android Studio\jre\jre\bin\server\jvm.dll
0x00007ffd1f320000 - 0x00007ffd1f328000 	C:\Windows\System32\PSAPI.DLL
0x00007ffd12a50000 - 0x00007ffd12a5a000 	C:\Windows\SYSTEM32\VERSION.dll
0x00007ffd1a6c0000 - 0x00007ffd1a6c9000 	C:\Windows\SYSTEM32\WSOCK32.dll
0x00007ffd12900000 - 0x00007ffd12927000 	C:\Windows\SYSTEM32\WINMM.dll
0x00007ffd20d40000 - 0x00007ffd20dab000 	C:\Windows\System32\WS2_32.dll
0x00007ffd169a0000 - 0x00007ffd169af000 	C:\Program Files\Android\Android Studio\jre\jre\bin\verify.dll
0x00007ffd0d000000 - 0x00007ffd0d029000 	C:\Program Files\Android\Android Studio\jre\jre\bin\java.dll
0x00007ffd0ca40000 - 0x00007ffd0ca56000 	C:\Program Files\Android\Android Studio\jre\jre\bin\zip.dll
0x00007ffd1f330000 - 0x00007ffd1fa72000 	C:\Windows\System32\SHELL32.dll
0x00007ffd1cb70000 - 0x00007ffd1d305000 	C:\Windows\SYSTEM32\windows.storage.dll
0x00007ffd205c0000 - 0x00007ffd20916000 	C:\Windows\System32\combase.dll
0x00007ffd1e3a0000 - 0x00007ffd1e3cc000 	C:\Windows\SYSTEM32\Wldp.dll
0x00007ffd20300000 - 0x00007ffd203ae000 	C:\Windows\System32\SHCORE.dll
0x00007ffd1fa80000 - 0x00007ffd1fad5000 	C:\Windows\System32\shlwapi.dll
0x00007ffd1e930000 - 0x00007ffd1e956000 	C:\Windows\SYSTEM32\profapi.dll
0x00007ffd0ca20000 - 0x00007ffd0ca3a000 	C:\Program Files\Android\Android Studio\jre\jre\bin\net.dll
0x00007ffd1e120000 - 0x00007ffd1e18a000 	C:\Windows\system32\mswsock.dll
0x00007ffd08d40000 - 0x00007ffd08d53000 	C:\Program Files\Android\Android Studio\jre\jre\bin\nio.dll

VM Arguments:
java_command: org.jetbrains.kotlin.cli.jvm.K2JVMCompiler @C:\Users\Mateo\Desktop\APPK\app\build\20201225_4752566184460163326.compiler.options
java_class_path (initial): C:\Users\Mateo\.gradle\caches\modules-2\files-2.1\org.jetbrains.kotlin\kotlin-compiler-embeddable\1.4.20\fc1d26586910b32d676480c75acd3e922e5e81fa\kotlin-compiler-embeddable-1.4.20.jar;C:\Users\Mateo\.gradle\caches\modules-2\files-2.1\org.jetbrains.kotlin\kotlin-reflect\1.4.20\411fc46e908bfa9c034f52b0d31b2e1f61f06127\kotlin-reflect-1.4.20.jar;C:\Users\Mateo\.gradle\caches\modules-2\files-2.1\org.jetbrains.kotlin\kotlin-stdlib\1.4.20\9be77b243a362b745e365f286627b8724337009c\kotlin-stdlib-1.4.20.jar;C:\Users\Mateo\.gradle\caches\modules-2\files-2.1\org.jetbrains.kotlin\kotlin-script-runtime\1.4.20\9793d2f6b262847a2d8127951c5786cf907cc7b1\kotlin-script-runtime-1.4.20.jar;C:\Users\Mateo\.gradle\caches\modules-2\files-2.1\org.jetbrains.kotlin\kotlin-daemon-embeddable\1.4.20\a051291fb01bf2397759625626fec670cd57b3f0\kotlin-daemon-embeddable-1.4.20.jar;C:\Users\Mateo\.gradle\caches\modules-2\files-2.1\org.jetbrains.intellij.deps\trove4j\1.0.20181211\216c2e14b070f334479d800987affe4054cd563f\trove4j-1.0.20181211.jar;C:\Users\Mateo\.gradle\caches\modules-2\files-2.1\org.jetbrains.kotlin\kotlin-stdlib-common\1.4.20\c6761d7805b5312302f2bbd78cda68c976ce0c70\kotlin-stdlib-common-1.4.20.jar;C:\Users\Mateo\.gradle\caches\modules-2\files-2.1\org.jetbrains\annotations\13.0\919f0dfe192fb4e063e7dacadee7f8bb9a2672a9\annotations-13.0.jar;C:\Program Files\Android\Android Studio\jre\lib\tools.jar
Launcher Type: SUN_STANDARD

Environment Variables:
PATH=C:\Windows\system32;C:\Windows;C:\Windows\System32\Wbem;C:\Windows\System32\WindowsPowerShell\v1.0\;C:\Program Files\Git\cmd;C:\Users\Mateo\AppData\Local\Microsoft\WindowsApps;C:\Users\Mateo\AppData\Local\atom\bin;C:\Users\Mateo\AppData\Local\GitHubDesktop\bin
USERNAME=Mateo
OS=Windows_NT
PROCESSOR_IDENTIFIER=Intel64 Family 6 Model 58 Stepping 9, GenuineIntel



---------------  S Y S T E M  ---------------

OS: Windows 10.0 , 64 bit Build 19041 (10.0.19041.662)

CPU:total 4 (initial active 4) (2 cores per cpu, 2 threads per core) family 6 model 58 stepping 9, cmov, cx8, fxsr, mmx, sse, sse2, sse3, ssse3, sse4.1, sse4.2, popcnt, avx, aes, clmul, erms, ht, tsc, tscinvbit, tscinv

Memory: 4k page, physical 8328308k(843676k free), swap 8328308k(5168k free)

vm_info: OpenJDK 64-Bit Server VM (25.242-b01) for windows-amd64 JRE (1.8.0_242-release-1644-b01), built by "builder" with MS VC++ 10.0 (VS2010)

time: Fri Dec 25 22:38:59 2020
timezone: W. Europe Standard Time
elapsed time: 12 seconds (0d 0h 0m 12s)

